
Mon, 02 Dec 2019 15:16:47 GMT - Info - Server is running on port: 3000
Tue, 03 Dec 2019 12:28:10 GMT - Info - Server is running on port: 3000
Tue, 03 Dec 2019 13:07:44 GMT - Info - Server is running on port: 3000
Tue, 03 Dec 2019 13:08:29 GMT - Info - Server is running on port: 3000
Tue, 03 Dec 2019 13:47:24 GMT - Info - Server is running on port: 3000
Tue, 03 Dec 2019 13:51:12 GMT - Info - Server is running on port: 3000
Tue, 03 Dec 2019 13:53:43 GMT - Info - Server is running on port: 3000
Tue, 03 Dec 2019 13:54:23 GMT - Info - Server is running on port: 3000
Tue, 03 Dec 2019 13:54:51 GMT - Info - Server is running on port: 3000
Tue, 03 Dec 2019 14:10:10 GMT - Info - Server is running on port: 3000
Tue, 03 Dec 2019 14:30:28 GMT - Info - Server is running on port: 3000
Tue, 03 Dec 2019 14:31:33 GMT - Info - Server is running on port: 3000
Tue, 03 Dec 2019 14:31:36 GMT - Info - Server is running on port: 3000
Tue, 03 Dec 2019 14:33:39 GMT - Info - Server is running on port: 3000
Tue, 03 Dec 2019 14:54:23 GMT - Info - Server is running on port: 3000
Tue, 03 Dec 2019 14:54:47 GMT - Info - Server is running on port: 3000
Tue, 03 Dec 2019 14:56:41 GMT - Info - Server is running on port: 3000
Tue, 03 Dec 2019 14:58:35 GMT - Info - Server is running on port: 3000
Tue, 03 Dec 2019 14:58:47 GMT - Info - Server is running on port: 3000
Tue, 03 Dec 2019 15:19:15 GMT - Info - Server is running on port: 3000
Tue, 03 Dec 2019 15:19:56 GMT - Info - Server is running on port: 3000
Tue, 03 Dec 2019 15:28:31 GMT - Info - Server is running on port: 3000
Tue, 03 Dec 2019 15:28:58 GMT - Info - Server is running on port: 3000
Tue, 03 Dec 2019 15:29:36 GMT - Info - Server is running on port: 3000
Tue, 03 Dec 2019 15:45:05 GMT - Info - Server is running on port: 3000
Tue, 03 Dec 2019 16:06:45 GMT - Info - Server is running on port: 3000
Tue, 03 Dec 2019 16:07:07 GMT - Info - Server is running on port: 3000
Tue, 03 Dec 2019 16:08:39 GMT - Info - Server is running on port: 3000
Tue, 03 Dec 2019 16:09:31 GMT - Info - Server is running on port: 3000
Tue, 03 Dec 2019 16:12:49 GMT - Info - Server is running on port: 3000
Tue, 03 Dec 2019 16:36:08 GMT - Info - Server is running on port: 3000
Tue, 03 Dec 2019 16:37:02 GMT - Info - Server is running on port: 3000
Tue, 03 Dec 2019 16:40:06 GMT - Info - Server is running on port: 3000
Tue, 03 Dec 2019 16:40:07 GMT - Info - Server is running on port: 3000
Tue, 03 Dec 2019 16:41:34 GMT - Info - Server is running on port: 3000
Tue, 03 Dec 2019 16:49:54 GMT - Info - Server is running on port: 3000
Tue, 03 Dec 2019 16:54:00 GMT - Info - Server is running on port: 3000
Tue, 03 Dec 2019 16:55:49 GMT - Info - Server is running on port: 3000
Tue, 03 Dec 2019 16:56:50 GMT - Info - Server is running on port: 3000
Tue, 03 Dec 2019 16:57:16 GMT - Info - Server is running on port: 3000
Tue, 03 Dec 2019 16:59:15 GMT - Info - Server is running on port: 3000
Tue, 03 Dec 2019 17:00:27 GMT - Info - Server is running on port: 3000
Tue, 03 Dec 2019 17:00:35 GMT - Info - Server is running on port: 3000
Tue, 03 Dec 2019 17:08:15 GMT - Info - Server is running on port: 3000
Tue, 03 Dec 2019 17:09:13 GMT - Info - Server is running on port: 3000
Tue, 03 Dec 2019 17:30:08 GMT - Info - Server is running on port: 3000
Tue, 03 Dec 2019 17:31:44 GMT - Info - Server is running on port: 3000
Tue, 03 Dec 2019 17:32:12 GMT - Info - Server is running on port: 3000
Tue, 03 Dec 2019 17:35:13 GMT - Info - Server is running on port: 3000
Tue, 03 Dec 2019 17:36:04 GMT - Info - Server is running on port: 3000
Tue, 03 Dec 2019 21:34:05 GMT - Info - Server is running on port: 3000
Tue, 03 Dec 2019 21:34:19 GMT - Info - Server is running on port: 3000
Tue, 03 Dec 2019 21:35:38 GMT - Info - Server is running on port: 3000
Tue, 03 Dec 2019 21:38:24 GMT - Info - Server is running on port: 3000
Tue, 03 Dec 2019 21:45:43 GMT - Info - Server is running on port: 3000
Tue, 03 Dec 2019 21:46:32 GMT - Info - Server is running on port: 3000
Tue, 03 Dec 2019 21:46:59 GMT - Info - Server is running on port: 3000
Tue, 03 Dec 2019 21:51:04 GMT - Info - Server is running on port: 3000
Tue, 03 Dec 2019 22:11:33 GMT - Info - Server is running on port: 3000
Tue, 03 Dec 2019 22:13:47 GMT - Info - Server is running on port: 3000
Tue, 03 Dec 2019 22:14:20 GMT - Info - Server is running on port: 3000
Tue, 03 Dec 2019 22:14:53 GMT - Info - Server is running on port: 3000
Tue, 03 Dec 2019 22:36:27 GMT - Info - Server is running on port: 3000
Wed, 04 Dec 2019 08:03:06 GMT - Info - Server is running on port: 3000
Wed, 04 Dec 2019 08:03:23 GMT - Info - Server is running on port: 3000
Wed, 04 Dec 2019 08:13:27 GMT - Info - Server is running on port: 3000
Wed, 04 Dec 2019 08:13:35 GMT - Info - Server is running on port: 3000
Wed, 04 Dec 2019 08:13:42 GMT - Info - Server is running on port: 3000
Wed, 04 Dec 2019 08:57:36 GMT - Info - Server is running on port: 3000
Wed, 04 Dec 2019 09:35:29 GMT - Info - Server is running on port: 3000
Wed, 04 Dec 2019 09:37:40 GMT - Info - Server is running on port: 3000
Wed, 04 Dec 2019 09:39:41 GMT - Info - Server is running on port: 3000
Wed, 04 Dec 2019 09:43:03 GMT - Info - Server is running on port: 3000
Wed, 04 Dec 2019 09:45:18 GMT - Info - Server is running on port: 3000
Wed, 04 Dec 2019 09:49:23 GMT - Info - Server is running on port: 3000
Wed, 04 Dec 2019 09:55:08 GMT - Info - Server is running on port: 3000
Wed, 04 Dec 2019 09:56:36 GMT - Info - Server is running on port: 3000
Wed, 04 Dec 2019 09:57:05 GMT - Info - Server is running on port: 3000
Wed, 04 Dec 2019 09:57:26 GMT - Info - Server is running on port: 3000
Wed, 04 Dec 2019 09:59:57 GMT - Info - Server is running on port: 3000
Wed, 04 Dec 2019 10:02:40 GMT - Info - Server is running on port: 3000
Wed, 04 Dec 2019 10:05:23 GMT - Info - Server is running on port: 3000
Wed, 04 Dec 2019 10:06:22 GMT - Info - Server is running on port: 3000
Wed, 04 Dec 2019 10:07:46 GMT - Info - Server is running on port: 3000
Wed, 04 Dec 2019 10:09:35 GMT - Info - Server is running on port: 3000
Wed, 04 Dec 2019 10:10:22 GMT - Info - Server is running on port: 3000
Wed, 04 Dec 2019 10:10:35 GMT - Info - Server is running on port: 3000
Wed, 04 Dec 2019 10:12:48 GMT - Info - Server is running on port: 3000
Wed, 04 Dec 2019 10:14:42 GMT - Info - Server is running on port: 3000
Wed, 04 Dec 2019 10:14:45 GMT - Info - Server is running on port: 3000
Wed, 04 Dec 2019 10:14:59 GMT - Info - Server is running on port: 3000
Wed, 04 Dec 2019 10:15:56 GMT - Info - Server is running on port: 3000
Wed, 04 Dec 2019 10:17:33 GMT - Info - Server is running on port: 3000
Wed, 04 Dec 2019 10:20:41 GMT - Info - Server is running on port: 3000
Wed, 04 Dec 2019 10:21:52 GMT - Info - Server is running on port: 3000
Wed, 04 Dec 2019 10:23:33 GMT - Info - Server is running on port: 3000
Wed, 04 Dec 2019 10:24:43 GMT - Info - Server is running on port: 3000
Wed, 04 Dec 2019 10:25:03 GMT - Info - Server is running on port: 3000
Wed, 04 Dec 2019 10:25:29 GMT - Info - Server is running on port: 3000
Wed, 04 Dec 2019 10:26:14 GMT - Info - Server is running on port: 3000
Wed, 04 Dec 2019 10:27:59 GMT - Info - Server is running on port: 3000
Wed, 04 Dec 2019 10:29:16 GMT - Info - Server is running on port: 3000
Wed, 04 Dec 2019 10:29:35 GMT - Info - Server is running on port: 3000
Wed, 04 Dec 2019 10:29:49 GMT - Info - Server is running on port: 3000
Wed, 04 Dec 2019 10:32:44 GMT - Info - Server is running on port: 3000
Wed, 04 Dec 2019 10:34:42 GMT - Info - Server is running on port: 3000
Wed, 04 Dec 2019 10:35:36 GMT - Info - Server is running on port: 3000
Wed, 04 Dec 2019 10:35:40 GMT - Info - Server is running on port: 3000
Wed, 04 Dec 2019 10:35:54 GMT - Info - Server is running on port: 3000
Wed, 04 Dec 2019 10:57:27 GMT - Info - Server is running on port: 3000
Wed, 04 Dec 2019 11:07:04 GMT - Info - Server is running on port: 3000
Wed, 04 Dec 2019 11:07:53 GMT - Info - Server is running on port: 3000
Wed, 04 Dec 2019 11:11:27 GMT - Info - Server is running on port: 3000
Wed, 04 Dec 2019 11:24:14 GMT - Info - Server is running on port: 3000
Wed, 04 Dec 2019 15:04:18 GMT - Info - Server is running on port: 3000
Wed, 04 Dec 2019 16:06:36 GMT - Info - Server is running on port: 3000
Wed, 04 Dec 2019 16:14:30 GMT - Info - Server is running on port: 3000
Sat, 30 Nov 2019 14:02:50 GMT - Info - Server is running on port: 3000
Sat, 30 Nov 2019 14:02:52 GMT - Info - Server is running on port: 3000
Sat, 30 Nov 2019 15:07:53 GMT - Info - Server is running on port: 3000
Sat, 30 Nov 2019 15:08:05 GMT - Info - Server is running on port: 3000
Sat, 30 Nov 2019 15:10:04 GMT - Info - Server is running on port: 3000
Sat, 30 Nov 2019 15:12:30 GMT - Info - Server is running on port: 3000
Sat, 30 Nov 2019 15:13:28 GMT - Info - Server is running on port: 3000
Sat, 30 Nov 2019 15:13:55 GMT - Info - Server is running on port: 3000
Sat, 30 Nov 2019 15:14:07 GMT - Info - Server is running on port: 3000
Sat, 30 Nov 2019 15:14:08 GMT - Info - Server is running on port: 3000
Sat, 30 Nov 2019 15:15:18 GMT - Info - Server is running on port: 3000
Sat, 30 Nov 2019 15:16:59 GMT - Info - Server is running on port: 3000
Sat, 30 Nov 2019 15:20:52 GMT - Info - Server is running on port: 3000
Sat, 30 Nov 2019 15:20:54 GMT - Info - Server is running on port: 3000
Sat, 30 Nov 2019 15:23:13 GMT - Info - Server is running on port: 3000
Sat, 30 Nov 2019 15:23:14 GMT - Info - Server is running on port: 3000
Sat, 30 Nov 2019 15:27:52 GMT - Info - Server is running on port: 3000
Sat, 30 Nov 2019 15:27:54 GMT - Info - Server is running on port: 3000
Sat, 30 Nov 2019 15:29:36 GMT - Info - Server is running on port: 3000
Sat, 30 Nov 2019 15:29:39 GMT - Info - Server is running on port: 3000
Sat, 30 Nov 2019 15:32:23 GMT - Info - Server is running on port: 3000
Sat, 30 Nov 2019 16:05:50 GMT - Info - Server is running on port: 3000
Sat, 30 Nov 2019 16:06:02 GMT - Info - Server is running on port: 3000
Sat, 30 Nov 2019 19:42:11 GMT - Info - Server is running on port: 3000
Sat, 30 Nov 2019 19:44:26 GMT - Info - Server is running on port: 3000
Sun, 01 Dec 2019 07:42:49 GMT - Info - Server is running on port: 3000
Sun, 01 Dec 2019 07:42:50 GMT - Info - Server is running on port: 3000
Sun, 01 Dec 2019 07:44:12 GMT - Info - Server is running on port: 3000
Sun, 01 Dec 2019 07:44:14 GMT - Info - Server is running on port: 3000
Sun, 01 Dec 2019 08:07:12 GMT - Info - Server is running on port: 3000
Sun, 01 Dec 2019 13:39:07 GMT - Info - Server is running on port: 3000
Sun, 01 Dec 2019 13:39:50 GMT - Info - Server is running on port: 3000
Sun, 01 Dec 2019 14:01:07 GMT - Info - Server is running on port: 3000
Sun, 01 Dec 2019 14:01:14 GMT - Info - Server is running on port: 3000
Sun, 01 Dec 2019 14:07:25 GMT - Info - Server is running on port: 3000
Sun, 01 Dec 2019 14:07:43 GMT - Info - Server is running on port: 3000
Sun, 01 Dec 2019 14:08:07 GMT - Info - Server is running on port: 3000
Sun, 01 Dec 2019 14:08:08 GMT - Info - Server is running on port: 3000
Sun, 01 Dec 2019 14:08:24 GMT - Info - Server is running on port: 3000
Sun, 01 Dec 2019 14:08:25 GMT - Info - Server is running on port: 3000
Sun, 01 Dec 2019 14:09:48 GMT - Info - Server is running on port: 3000
Sun, 01 Dec 2019 14:09:49 GMT - Info - Server is running on port: 3000
Sun, 01 Dec 2019 14:12:19 GMT - Info - Server is running on port: 3000
Sun, 01 Dec 2019 14:12:26 GMT - Info - Server is running on port: 3000
Sun, 01 Dec 2019 14:18:35 GMT - Info - Server is running on port: 3000
Sun, 01 Dec 2019 14:18:36 GMT - Info - Server is running on port: 3000
Sun, 01 Dec 2019 14:19:02 GMT - Info - Server is running on port: 3000
Sun, 01 Dec 2019 14:19:04 GMT - Info - Server is running on port: 3000
Sun, 01 Dec 2019 14:20:02 GMT - Info - Server is running on port: 3000
Sun, 01 Dec 2019 14:20:03 GMT - Info - Server is running on port: 3000
Sun, 01 Dec 2019 14:22:29 GMT - Info - Server is running on port: 3000
Sun, 01 Dec 2019 14:22:31 GMT - Info - Server is running on port: 3000
Sun, 01 Dec 2019 14:24:28 GMT - Info - Server is running on port: 3000
Sun, 01 Dec 2019 14:24:30 GMT - Info - Server is running on port: 3000
Sun, 01 Dec 2019 14:26:49 GMT - Info - Server is running on port: 3000
Sun, 01 Dec 2019 14:26:52 GMT - Info - Server is running on port: 3000
Sun, 01 Dec 2019 14:27:21 GMT - Info - Server is running on port: 3000
Sun, 01 Dec 2019 14:27:24 GMT - Info - Server is running on port: 3000
Sun, 01 Dec 2019 14:27:55 GMT - Info - Server is running on port: 3000
Sun, 01 Dec 2019 14:28:23 GMT - Info - Server is running on port: 3000
Sun, 01 Dec 2019 14:28:32 GMT - Info - Server is running on port: 3000
Sun, 01 Dec 2019 14:29:07 GMT - Info - Server is running on port: 3000
Sun, 01 Dec 2019 14:34:08 GMT - Info - Server is running on port: 3000
Sun, 01 Dec 2019 14:34:10 GMT - Info - Server is running on port: 3000
Mon, 02 Dec 2019 06:07:04 GMT - Info - Server is running on port: 3000
Mon, 02 Dec 2019 06:33:13 GMT - Info - Server is running on port: 3000
Mon, 02 Dec 2019 07:22:49 GMT - Info - Server is running on port: 3000
Mon, 02 Dec 2019 07:54:59 GMT - Info - Server is running on port: 3000
Mon, 02 Dec 2019 08:30:24 GMT - Info - Server is running on port: 3000
Mon, 02 Dec 2019 08:31:48 GMT - Info - Server is running on port: 3000
Mon, 02 Dec 2019 08:33:25 GMT - Info - Server is running on port: 3000
Mon, 02 Dec 2019 08:47:13 GMT - Info - Server is running on port: 3000
Mon, 02 Dec 2019 08:47:17 GMT - Info - Server is running on port: 3000
Mon, 02 Dec 2019 08:48:14 GMT - Info - Server is running on port: 3000
Mon, 02 Dec 2019 08:49:04 GMT - Info - Server is running on port: 3000
Mon, 02 Dec 2019 08:49:34 GMT - Info - Server is running on port: 3000
Mon, 02 Dec 2019 08:49:52 GMT - Info - Server is running on port: 3000
Mon, 02 Dec 2019 08:50:44 GMT - Info - Server is running on port: 3000
Mon, 02 Dec 2019 08:54:55 GMT - Info - Server is running on port: 3000
Mon, 02 Dec 2019 08:55:31 GMT - Info - Server is running on port: 3000
Mon, 02 Dec 2019 08:56:46 GMT - Info - Server is running on port: 3000
Mon, 02 Dec 2019 08:57:07 GMT - Info - Server is running on port: 3000
Mon, 02 Dec 2019 08:57:22 GMT - Info - Server is running on port: 3000
Mon, 02 Dec 2019 08:58:04 GMT - Info - Server is running on port: 3000
Mon, 02 Dec 2019 09:00:24 GMT - Info - Server is running on port: 3000
Mon, 02 Dec 2019 09:00:30 GMT - Info - Server is running on port: 3000
Mon, 02 Dec 2019 09:01:49 GMT - Info - Server is running on port: 3000
Mon, 02 Dec 2019 09:02:30 GMT - Info - Server is running on port: 3000
Mon, 02 Dec 2019 09:02:59 GMT - Info - Server is running on port: 3000
Mon, 02 Dec 2019 09:08:44 GMT - Info - Server is running on port: 3000
Mon, 02 Dec 2019 09:09:45 GMT - Info - Server is running on port: 3000
Mon, 02 Dec 2019 09:33:11 GMT - Info - Server is running on port: 3000
Mon, 02 Dec 2019 09:33:25 GMT - Info - Server is running on port: 3000
Mon, 02 Dec 2019 09:33:31 GMT - Info - Server is running on port: 3000
Mon, 02 Dec 2019 09:33:42 GMT - Info - Server is running on port: 3000
Mon, 02 Dec 2019 09:34:24 GMT - Info - Server is running on port: 3000
Mon, 02 Dec 2019 12:32:15 GMT - Info - Server is running on port: 3000
Mon, 02 Dec 2019 12:41:37 GMT - Info - Server is running on port: 3000
Mon, 02 Dec 2019 12:42:07 GMT - Info - Server is running on port: 3000
Mon, 02 Dec 2019 12:44:28 GMT - Info - Server is running on port: 3000
Mon, 02 Dec 2019 12:45:08 GMT - Info - Server is running on port: 3000
Mon, 02 Dec 2019 12:46:16 GMT - Info - Server is running on port: 3000
Mon, 02 Dec 2019 12:46:21 GMT - Info - Server is running on port: 3000
Mon, 02 Dec 2019 12:47:22 GMT - Info - Server is running on port: 3000
Mon, 02 Dec 2019 13:54:21 GMT - Info - Server is running on port: 3000

Mon, 02 Dec 2019 15:07:13 GMT - Info - Server is running on port: 3000
Mon, 02 Dec 2019 15:11:37 GMT - Info - Server is running on port: 3000
Mon, 02 Dec 2019 15:46:18 GMT - Info - Server is running on port: 3000
Tue, 03 Dec 2019 10:28:58 GMT - Info - Server is running on port: 3000
Tue, 03 Dec 2019 10:29:04 GMT - Info - Server is running on port: 3000
Wed, 04 Dec 2019 13:13:55 GMT - Info - Server is running on port: 3000
Wed, 04 Dec 2019 13:13:58 GMT - Info - Server is running on port: 3000
Wed, 04 Dec 2019 13:22:32 GMT - Info - Server is running on port: 3000
Wed, 04 Dec 2019 13:25:02 GMT - Info - Server is running on port: 3000
Wed, 04 Dec 2019 13:25:07 GMT - Info - Server is running on port: 3000
Wed, 04 Dec 2019 13:26:03 GMT - Info - Server is running on port: 3000
Wed, 04 Dec 2019 13:26:51 GMT - Info - Server is running on port: 3000
Wed, 04 Dec 2019 13:27:32 GMT - Info - Server is running on port: 3000
Wed, 04 Dec 2019 13:29:09 GMT - Info - Server is running on port: 3000
Wed, 04 Dec 2019 13:37:17 GMT - Info - Server is running on port: 3000
Wed, 04 Dec 2019 13:38:26 GMT - Info - Server is running on port: 3000
Wed, 04 Dec 2019 13:39:09 GMT - Info - Server is running on port: 3000
Wed, 04 Dec 2019 13:40:00 GMT - Info - Server is running on port: 3000
Wed, 04 Dec 2019 13:41:16 GMT - Info - Server is running on port: 3000
Wed, 04 Dec 2019 13:42:21 GMT - Info - Server is running on port: 3000
Wed, 04 Dec 2019 13:42:54 GMT - Info - Server is running on port: 3000
Wed, 04 Dec 2019 13:43:22 GMT - Info - Server is running on port: 3000
Wed, 04 Dec 2019 13:46:02 GMT - Info - Server is running on port: 3000
Wed, 04 Dec 2019 13:46:29 GMT - Info - Server is running on port: 3000
Wed, 04 Dec 2019 13:47:53 GMT - Info - Server is running on port: 3000
Wed, 04 Dec 2019 13:48:07 GMT - Debug - auth.service - login with email: gyallop0@tripadvisor.com
Wed, 04 Dec 2019 13:50:08 GMT - Info - Server is running on port: 3000
Wed, 04 Dec 2019 13:50:20 GMT - Debug - auth.service - login with email: gyallop0@tripadvisor.com
Wed, 04 Dec 2019 13:56:37 GMT - Info - Server is running on port: 3000
Wed, 04 Dec 2019 13:57:00 GMT - Debug - auth.service - login with email: gyallop0@tripadvisor.com
Wed, 04 Dec 2019 13:57:28 GMT - Info - Server is running on port: 3000
Wed, 04 Dec 2019 13:57:35 GMT - Debug - auth.service - login with email: gyallop0@tripadvisor.com
Wed, 04 Dec 2019 14:53:14 GMT - Info - Server is running on port: 3000
Wed, 04 Dec 2019 14:56:35 GMT - Info - Server is running on port: 3000
Wed, 04 Dec 2019 14:57:29 GMT - Info - Server is running on port: 3000
Wed, 04 Dec 2019 14:58:21 GMT - Info - Server is running on port: 3000
Wed, 04 Dec 2019 14:59:09 GMT - Debug - auth.service - login with email: gyallop0@tripadvisor.com
Wed, 04 Dec 2019 15:00:47 GMT - Info - Server is running on port: 3000
Wed, 04 Dec 2019 15:05:14 GMT - Info - Server is running on port: 3000
Wed, 04 Dec 2019 15:05:24 GMT - Debug - auth.service - login with email: gyallop0@tripadvisor.com
Wed, 04 Dec 2019 15:07:11 GMT - Debug - auth.service - login with email: gyallop0@tripadvisor.com
Wed, 04 Dec 2019 15:07:29 GMT - Debug - auth.service - login with email: gyallop0@tripadvisor.com
Wed, 04 Dec 2019 15:07:45 GMT - Debug - auth.service - login with email: gyallop0@tripadvisor.com
Wed, 04 Dec 2019 15:09:50 GMT - Debug - auth.service - login with email: gyallop0@tripadvisor.com
Wed, 04 Dec 2019 15:14:54 GMT - Debug - auth.service - login with email: gyallop0@tripadvisor.com
Wed, 04 Dec 2019 15:23:42 GMT - Info - Server is running on port: 3000
Wed, 04 Dec 2019 15:24:35 GMT - Info - Server is running on port: 3000
Wed, 04 Dec 2019 15:25:20 GMT - Debug - auth.service - login with email: gyallop0@tripadvisor.com
Wed, 04 Dec 2019 15:27:05 GMT - Debug - auth.service - login with email: gyallop0@tripadvisor.com
Wed, 04 Dec 2019 15:30:10 GMT - Debug - auth.service - login with email: gyallop0@tripadvisor.com
Wed, 04 Dec 2019 15:31:54 GMT - Debug - auth.service - login with email: gyallop0@tripadvisor.com
Wed, 04 Dec 2019 15:33:46 GMT - Debug - auth.service - login with email: gyallop0@tripadvisor.com
Wed, 04 Dec 2019 15:34:34 GMT - Debug - auth.service - login with email: gyallop0@tripadvisor.com
Wed, 04 Dec 2019 15:35:48 GMT - Debug - auth.service - login with email: gyallop0@tripadvisor.com
Wed, 04 Dec 2019 15:41:17 GMT - Debug - auth.service - login with email: gyallop0@tripadvisor.com

Wed, 04 Dec 2019 16:08:23 GMT - Info - Server is running on port: 3000

Wed, 04 Dec 2019 17:11:52 GMT - Info - Server is running on port: 3000
Wed, 04 Dec 2019 17:22:17 GMT - Info - Server is running on port: 3000
Wed, 04 Dec 2019 17:23:42 GMT - Info - Server is running on port: 3000
Wed, 04 Dec 2019 17:24:09 GMT - Info - Server is running on port: 3000
Wed, 04 Dec 2019 17:24:33 GMT - Info - Server is running on port: 3000
Wed, 04 Dec 2019 17:25:13 GMT - Info - Server is running on port: 3000
Wed, 04 Dec 2019 18:39:34 GMT - Debug - auth.service - login with email: LironSA@walla.co.il
Wed, 04 Dec 2019 18:41:53 GMT - Debug - auth.service - login with email: LironSA@walla.co.il
Wed, 04 Dec 2019 18:53:52 GMT - Debug - auth.service - login with email: LironSA@walla.co.il
Wed, 04 Dec 2019 18:57:16 GMT - Debug - auth.service - login with email: LironSA@walla.co.il
Wed, 04 Dec 2019 19:46:27 GMT - Info - Server is running on port: 3000
Wed, 04 Dec 2019 19:56:08 GMT - Info - Server is running on port: 3000
Wed, 04 Dec 2019 20:43:54 GMT - Info - Server is running on port: 3000
Wed, 04 Dec 2019 20:43:56 GMT - Info - Server is running on port: 3000
Wed, 04 Dec 2019 20:44:28 GMT - Debug - auth.service - login with email: LironSA@walla.co.il
Wed, 04 Dec 2019 20:48:13 GMT - Debug - auth.service - login with email: LironSA@walla.co.il
Wed, 04 Dec 2019 21:25:27 GMT - Debug - undefined, undefined, undefined
Wed, 04 Dec 2019 21:25:27 GMT - Error - [SIGNUP] TypeError: authService.signup is not a function
Wed, 04 Dec 2019 21:25:57 GMT - Info - Server is running on port: 3000
Wed, 04 Dec 2019 21:28:01 GMT - Info - Server is running on port: 3000
Wed, 04 Dec 2019 21:29:22 GMT - Debug - undefined, undefined, undefined
Wed, 04 Dec 2019 21:29:22 GMT - Debug - auth.service - signup with email: undefined, username: undefined
Wed, 04 Dec 2019 21:29:22 GMT - Error - [SIGNUP] email, username and password are required!
Wed, 04 Dec 2019 21:41:16 GMT - Info - Server is running on port: 3000
Wed, 04 Dec 2019 21:42:23 GMT - Info - Server is running on port: 3000
Wed, 04 Dec 2019 21:43:10 GMT - Info - Server is running on port: 3000
Wed, 04 Dec 2019 21:44:17 GMT - Info - Server is running on port: 3000
Wed, 04 Dec 2019 21:45:50 GMT - Debug - a@com, undefined, 1234
Wed, 04 Dec 2019 21:45:50 GMT - Debug - auth.service - signup with email: a@com, username: undefined
Wed, 04 Dec 2019 21:45:50 GMT - Error - [SIGNUP] email, username and password are required!
Wed, 04 Dec 2019 21:46:40 GMT - Info - Server is running on port: 3000
Wed, 04 Dec 2019 21:46:58 GMT - Debug - a@a, undefined, 1234
Wed, 04 Dec 2019 21:46:58 GMT - Debug - auth.service - signup with email: a@a, username: undefined
Wed, 04 Dec 2019 21:46:58 GMT - Error - [SIGNUP] email, username and password are required!
Wed, 04 Dec 2019 21:50:37 GMT - Info - Server is running on port: 3000
Wed, 04 Dec 2019 21:50:41 GMT - Info - Server is running on port: 3000
Wed, 04 Dec 2019 21:50:54 GMT - Debug - a@com, a
Wed, 04 Dec 2019 21:50:54 GMT - Debug - auth.service - signup with email: a@com, fullname: aa
Wed, 04 Dec 2019 21:50:54 GMT - Error - [SIGNUP] ReferenceError: hash is not defined
Wed, 04 Dec 2019 21:52:09 GMT - Info - Server is running on port: 3000
Wed, 04 Dec 2019 21:53:32 GMT - Info - Server is running on port: 3000
Wed, 04 Dec 2019 21:53:48 GMT - Debug - a@com, a a, 1234
Wed, 04 Dec 2019 21:53:48 GMT - Debug - auth.service - signup with email: a@com, fullname: aa
Wed, 04 Dec 2019 21:53:48 GMT - Error - [SIGNUP] ReferenceError: username is not defined
Wed, 04 Dec 2019 21:59:44 GMT - Info - Server is running on port: 3000
Wed, 04 Dec 2019 22:00:26 GMT - Info - Server is running on port: 3000
Wed, 04 Dec 2019 22:00:41 GMT - Debug - a@com, a a, 1234
Wed, 04 Dec 2019 22:00:41 GMT - Debug - auth.service - signup with email: a@com, fullname: aa
Wed, 04 Dec 2019 22:00:41 GMT - Debug - auth.route - new account created: {"email":"a@com","password":"1234","firstName":"a","lastName":"a","_id":"5de82c8992a63d2f364624b7"}
Wed, 04 Dec 2019 22:00:41 GMT - Debug - auth.service - login with email: a@com
Wed, 04 Dec 2019 22:02:53 GMT - Info - Server is running on port: 3000
Wed, 04 Dec 2019 22:04:25 GMT - Debug - a@com, a b, 1234
Wed, 04 Dec 2019 22:04:25 GMT - Debug - auth.service - signup with email: a@com, fullname: ab
Wed, 04 Dec 2019 22:04:25 GMT - Debug - auth.route - new account created: {"email":"a@com","password":"1234","firstName":"a","lastName":"b","_id":"5de82d69997cba2f4921df94"}
Wed, 04 Dec 2019 22:04:25 GMT - Debug - auth.service - login with email: a@com
Wed, 04 Dec 2019 22:05:15 GMT - Info - Server is running on port: 3000
Wed, 04 Dec 2019 22:06:00 GMT - Debug - a@com, a b, 1234
Wed, 04 Dec 2019 22:06:00 GMT - Debug - auth.service - signup with email: a@com, fullname: ab
Wed, 04 Dec 2019 22:06:00 GMT - Debug - auth.route - new account created: {"email":"a@com","password":"1234","firstName":"a","lastName":"b","_id":"5de82dc8b047142f62e0584c"}
Wed, 04 Dec 2019 22:06:00 GMT - Debug - auth.service - login with email: a@com
Wed, 04 Dec 2019 22:08:04 GMT - Debug - c@com, a b, 1234
Wed, 04 Dec 2019 22:08:04 GMT - Debug - auth.service - signup with email: c@com, fullname: ab
Wed, 04 Dec 2019 22:08:04 GMT - Debug - auth.route - new account created: {"email":"c@com","password":"1234","firstName":"a","lastName":"b","_id":"5de82e44b047142f62e0584d"}
Wed, 04 Dec 2019 22:08:04 GMT - Debug - auth.service - login with email: c@com
Thu, 05 Dec 2019 07:19:11 GMT - Debug - auth.service - login with email: LironSA@walla.co.il
Thu, 05 Dec 2019 08:18:51 GMT - Info - Server is running on port: 3000
Thu, 05 Dec 2019 08:21:23 GMT - Info - Server is running on port: 3000
Thu, 05 Dec 2019 08:31:06 GMT - Info - Server is running on port: 3000
Thu, 05 Dec 2019 08:31:21 GMT - Info - Server is running on port: 3000
Thu, 05 Dec 2019 08:34:24 GMT - Info - Server is running on port: 3000
Thu, 05 Dec 2019 08:36:00 GMT - Info - Server is running on port: 3000
Thu, 05 Dec 2019 08:40:41 GMT - Info - Server is running on port: 3000
Thu, 05 Dec 2019 08:49:04 GMT - Info - Unauthorized User Tried to Login
Thu, 05 Dec 2019 08:49:40 GMT - Info - Unauthorized User Tried to Login
Thu, 05 Dec 2019 08:51:06 GMT - Info - Unauthorized User Tried to Login
Thu, 05 Dec 2019 08:57:17 GMT - Info - Unauthorized User Tried to Login
Thu, 05 Dec 2019 08:58:46 GMT - Info - Unauthorized User Tried to Login
Thu, 05 Dec 2019 08:59:03 GMT - Info - Unauthorized User Tried to Login
Thu, 05 Dec 2019 08:59:16 GMT - Debug - auth.service - login with email: LironSA@walla.co.il
Thu, 05 Dec 2019 09:05:28 GMT - Debug - auth.service - login with email: Hilas@gmail.com
Thu, 05 Dec 2019 09:05:50 GMT - Debug - auth.service - login with email: Hilas@gmail.com
Thu, 05 Dec 2019 09:06:18 GMT - Debug - auth.service - login with email: HilaS@gmail.com
Thu, 05 Dec 2019 09:06:37 GMT - Debug - auth.service - login with email: HilaS@ggmail.com
Thu, 05 Dec 2019 09:12:00 GMT - Debug - auth.service - login with email: Hilas@ggmail.com
Thu, 05 Dec 2019 09:13:38 GMT - Debug - auth.service - login with email: HilaS@ggmail.com
Thu, 05 Dec 2019 09:13:56 GMT - Debug - auth.service - login with email: HilaS@ggmail.com
Thu, 05 Dec 2019 11:03:25 GMT - Info - Server is running on port: 3000
Thu, 05 Dec 2019 11:05:28 GMT - Info - Server is running on port: 3000
Thu, 05 Dec 2019 11:17:17 GMT - Info - Server is running on port: 3000
Thu, 05 Dec 2019 11:17:50 GMT - Info - Server is running on port: 3000
Thu, 05 Dec 2019 11:17:52 GMT - Info - Server is running on port: 3000
Thu, 05 Dec 2019 11:17:54 GMT - Info - Server is running on port: 3000
Thu, 05 Dec 2019 11:18:17 GMT - Info - Server is running on port: 3000
Thu, 05 Dec 2019 11:19:14 GMT - Info - Server is running on port: 3000
Thu, 05 Dec 2019 11:25:23 GMT - Info - Server is running on port: 3000
Thu, 05 Dec 2019 11:26:05 GMT - Info - Server is running on port: 3000
Thu, 05 Dec 2019 11:26:32 GMT - Info - Server is running on port: 3000
Thu, 05 Dec 2019 11:26:44 GMT - Info - Server is running on port: 3000